app/mapping.txt
# compiler: R8
# compiler_version: 1.4.94
# min_api: 19
com.hisavana.ssp.R$anim -> com.hisavana.ssp.R$anim:
    11:11:void <init>() -> <init>
com.hisavana.ssp.R$animator -> com.hisavana.ssp.R$animator:
    44:44:void <init>() -> <init>
com.hisavana.ssp.R$attr -> com.hisavana.ssp.R$attr:
    66:66:void <init>() -> <init>
com.hisavana.ssp.R$bool -> com.hisavana.ssp.R$bool:
    7882:7882:void <init>() -> <init>
com.hisavana.ssp.R$color -> com.hisavana.ssp.R$color:
    7891:7891:void <init>() -> <init>
com.hisavana.ssp.R$dimen -> com.hisavana.ssp.R$dimen:
    8110:8110:void <init>() -> <init>
com.hisavana.ssp.R$drawable -> com.hisavana.ssp.R$drawable:
    8551:8551:void <init>() -> <init>
com.hisavana.ssp.R$id -> com.hisavana.ssp.R$id:
    8708:8708:void <init>() -> <init>
com.hisavana.ssp.R$integer -> com.hisavana.ssp.R$integer:
    9179:9179:void <init>() -> <init>
com.hisavana.ssp.R$interpolator -> com.hisavana.ssp.R$interpolator:
    9210:9210:void <init>() -> <init>
com.hisavana.ssp.R$layout -> com.hisavana.ssp.R$layout:
    9223:9223:void <init>() -> <init>
com.hisavana.ssp.R$mipmap -> com.hisavana.ssp.R$mipmap:
    9354:9354:void <init>() -> <init>
com.hisavana.ssp.R$plurals -> com.hisavana.ssp.R$plurals:
    9359:9359:void <init>() -> <init>
com.hisavana.ssp.R$string -> com.hisavana.ssp.R$string:
    9362:9362:void <init>() -> <init>
com.hisavana.ssp.R$style -> com.hisavana.ssp.R$style:
    9489:9489:void <init>() -> <init>
com.hisavana.ssp.R$styleable -> com.hisavana.ssp.R$styleable:
    10287:35645:void <clinit>() -> <clinit>
    10215:10215:void <init>() -> <init>
com.hisavana.ssp.R$xml -> com.hisavana.ssp.R$xml:
    35689:35689:void <init>() -> <init>
com.hisavana.ssp.app.BaseApp -> com.hisavana.ssp.app.BaseApp:
    20:20:void <init>() -> <init>
    24:26:void attachBaseContext(android.content.Context) -> attachBaseContext
    30:39:void onCreate() -> onCreate
com.hisavana.ssp.ui.BannerAdActivity -> com.hisavana.ssp.ui.BannerAdActivity:
    com.hisavana.mediation.ad.TBannerView adview -> Tb
    android.widget.Button loadBtn -> Ub
    java.lang.String mSlotId -> Vb
    33:39:void <init>() -> <init>
    33:33:android.widget.Button access$000(com.hisavana.ssp.ui.BannerAdActivity) -> a
    33:33:android.os.Handler access$100(com.hisavana.ssp.ui.BannerAdActivity) -> b
    80:100:void loadBannerAd(android.view.View) -> loadBannerAd
    43:61:void onCreate(android.os.Bundle) -> onCreate
    65:73:void onDestroy() -> onDestroy
    104:109:void removeView(android.view.View) -> removeView
com.hisavana.ssp.ui.BannerAdActivity$TAdAlliance -> com.hisavana.ssp.ui.BannerAdActivity$a:
    java.lang.ref.WeakReference weakReference -> WTa
    119:121:void <init>(com.hisavana.ssp.ui.BannerAdActivity) -> <init>
    167:169:void onClicked() -> onClicked
    173:175:void onClosed() -> onClosed
    141:153:void onError(com.hisavana.common.bean.TAdErrorCode) -> onError
    125:137:void onLoad() -> onLoad
    161:163:void onShow() -> onShow
    157:157:void onStart() -> onStart
com.hisavana.ssp.ui.BannerAdActivity$TAdAlliance$1 -> com.hisavana.ssp.ui.BannerAdActivity$TAdAlliance$1:
    131:131:void <init>(com.hisavana.ssp.ui.BannerAdActivity$TAdAlliance) -> <init>
    134:135:void run() -> run
com.hisavana.ssp.ui.BannerAdActivity$TAdAlliance$2 -> com.hisavana.ssp.ui.BannerAdActivity$TAdAlliance$2:
    146:146:void <init>(com.hisavana.ssp.ui.BannerAdActivity$TAdAlliance) -> <init>
    149:150:void run() -> run
com.hisavana.ssp.ui.BaseActivity -> com.hisavana.ssp.ui.BaseActivity:
    java.lang.StringBuilder sb -> Sb
    12:12:void <init>() -> <init>
    32:38:void showAdStatus(java.lang.String) -> K
    22:24:void onCreate(android.os.Bundle) -> onCreate
...
com.google.android.gms.internal.ads.zzbsq -> e.c.b.a.e.a.dt:
com.google.android.gms.internal.ads.zzbsr -> e.c.b.a.e.a.et:
com.google.android.gms.internal.ads.zzbss -> e.c.b.a.e.a.ft:
    1:5:java.lang.Object zza(java.lang.Object) -> zza
com.google.android.gms.internal.ads.zzbst -> e.c.b.a.e.a.gt:
com.google.android.gms.internal.ads.zzbsv -> e.c.b.a.e.a.ht:
com.google.android.gms.internal.ads.zzbsw -> e.c.b.a.e.a.it:
    1:1:void <init>(com.google.android.gms.internal.ads.zzbum,com.google.android.gms.internal.ads.zzdqc,java.util.concurrent.ScheduledExecutorService,java.util.concurrent.Executor) -> <init>
    void zzf(com.google.android.gms.internal.ads.zzawn,java.lang.String,java.lang.String) -> a
    com.google.android.gms.internal.ads.zzbum zzm(com.google.android.gms.internal.ads.zzbsw) -> a
    1:0:void zzi(com.google.android.gms.internal.ads.zzym) -> d
    1:6:void zza() -> zza
    1:0:void zzb() -> zzb
    1:1:void zzc() -> zzc
com.google.android.gms.internal.ads.zzbsx -> e.c.b.a.e.a.jt:
com.google.android.gms.internal.ads.zzbsy -> e.c.b.a.e.a.kt:
com.google.android.gms.internal.ads.zzbsz -> e.c.b.a.e.a.lt:
    1:0:void zzbD() -> Z
    void zzbm(android.content.Context) -> a
    void zzbp(android.content.Context) -> b
com.google.android.gms.internal.ads.zzbt -> e.c.b.a.e.a.mt:
    1:1:void <clinit>() -> <clinit>
com.google.android.gms.internal.ads.zzbta -> e.c.b.a.e.a.nt:
com.google.android.gms.internal.ads.zzbtb -> e.c.b.a.e.a.ot:
com.google.android.gms.internal.ads.zzbtc -> e.c.b.a.e.a.pt:
    com.google.android.gms.internal.ads.zzavx zzc(com.google.android.gms.internal.ads.zzefd) -> b
    1:1:com.google.android.gms.internal.ads.zzefd zza() -> zza
    1:5:com.google.android.gms.internal.ads.zzefd zzb() -> zzb
com.google.android.gms.internal.ads.zzbtd -> e.c.b.a.e.a.qt:
    1:3:com.google.android.gms.internal.ads.zzbtc zza() -> zza
com.google.android.gms.internal.ads.zzbte -> e.c.b.a.e.a.rt:
    com.google.android.gms.internal.ads.zzbte zzg(com.google.android.gms.internal.ads.zzdnb) -> a
    com.google.android.gms.internal.ads.zzbte zzh(com.google.android.gms.internal.ads.zzdnz) -> a
    com.google.android.gms.internal.ads.zzbte zzi(com.google.android.gms.internal.ads.zzdqo) -> b
com.google.android.gms.internal.ads.zzbtf -> e.c.b.a.e.a.st:
com.google.android.gms.internal.ads.zzbtg -> e.c.b.a.e.a.tt:
com.google.android.gms.internal.ads.zzbth -> e.c.b.a.e.a.ut:
    com.google.android.gms.internal.ads.zzbth zzb(com.google.android.gms.internal.ads.zzdqu) -> a
    com.google.android.gms.internal.ads.zzbth zze(com.google.android.gms.internal.ads.zzdqp) -> a
    android.content.Context zzf(com.google.android.gms.internal.ads.zzbth) -> a
    com.google.android.gms.internal.ads.zzdqu zzg(com.google.android.gms.internal.ads.zzbth) -> b
    android.os.Bundle zzh(com.google.android.gms.internal.ads.zzbth) -> c
    com.google.android.gms.internal.ads.zzdqp zzi(com.google.android.gms.internal.ads.zzbth) -> d
    com.google.android.gms.internal.ads.zzbth zzc(android.os.Bundle) -> g
    1:1:com.google.android.gms.internal.ads.zzbti zzd() -> zzd
com.google.android.gms.internal.ads.zzbti -> e.c.b.a.e.a.vt:
    1:3:com.google.android.gms.internal.ads.zzbth zza() -> zza
com.google.android.gms.internal.ads.zzbtj -> e.c.b.a.e.a.wt:
com.google.android.gms.internal.ads.zzbtk -> e.c.b.a.e.a.xt:
    1:1:android.os.Bundle zza() -> zza
    1:1:android.os.Bundle zzc(com.google.android.gms.internal.ads.zzbti) -> zzc
com.google.android.gms.internal.ads.zzbtl -> e.c.b.a.e.a.yt:
    1:3:java.lang.String zza() -> zza
com.google.android.gms.internal.ads.zzbtm -> e.c.b.a.e.a.zt:
    1:1:com.google.android.gms.internal.ads.zzdqp zza() -> zza
com.google.android.gms.internal.ads.zzbtn -> e.c.b.a.e.a.At:
    1:1:com.google.android.gms.internal.ads.zzdqu zza() -> zza
    1:1:com.google.android.gms.internal.ads.zzdqu zzc(com.google.android.gms.internal.ads.zzbti) -> zzc